<?xml version="1.0" encoding="UTF-8"?>
<testsuite name="com.calculator.AdditionTest" tests="1" skipped="0" failures="0" errors="0" timestamp="2023-09-29T08:21:33" hostname="MacBook-Air-som-tillhor-Jesper.local" time="0.009">
  <properties/>
  <testcase name="testAddition()" classname="com.calculator.AdditionTest" time="0.009"/>
  <system-out><![CDATA[]]></system-out>
  <system-err><![CDATA[]]></system-err>
</testsuite>
