<?xml version="1.0" encoding="UTF-8"?>
<testsuite name="com.task3.MovementTest" tests="8" skipped="0" failures="0" errors="0" timestamp="2023-10-03T05:01:54" hostname="MacBook-Air-som-tillhor-Jesper.local" time="0.004">
  <properties/>
  <testcase name="WDownMovementTest()" classname="com.task3.MovementTest" time="0.0"/>
  <testcase name="WUpMovementTest()" classname="com.task3.MovementTest" time="0.0"/>
  <testcase name="WLeftMovementTest()" classname="com.task3.MovementTest" time="0.0"/>
  <testcase name="RUpMovementTest()" classname="com.task3.MovementTest" time="0.0"/>
  <testcase name="WRightMovementTest()" classname="com.task3.MovementTest" time="0.001"/>
  <testcase name="RDownMovementTest()" classname="com.task3.MovementTest" time="0.0"/>
  <testcase name="RRightMovementTest()" classname="com.task3.MovementTest" time="0.0"/>
  <testcase name="RLeftMovementTest()" classname="com.task3.MovementTest" time="0.0"/>
  <system-out><![CDATA[]]></system-out>
  <system-err><![CDATA[]]></system-err>
</testsuite>
