<?xml version="1.0" encoding="UTF-8"?>
<testsuite name="com.task3.SoupTest" tests="1" skipped="0" failures="0" errors="0" timestamp="2023-10-03T05:01:54" hostname="MacBook-Air-som-tillhor-Jesper.local" time="0.001">
  <properties/>
  <testcase name="IconTest()" classname="com.task3.SoupTest" time="0.001"/>
  <system-out><![CDATA[]]></system-out>
  <system-err><![CDATA[]]></system-err>
</testsuite>
