<?xml version="1.0" encoding="UTF-8"?>
<testsuite name="com.task3.ObjectTest" tests="3" skipped="0" failures="0" errors="0" timestamp="2023-10-03T05:01:54" hostname="MacBook-Air-som-tillhor-Jesper.local" time="0.002">
  <properties/>
  <testcase name="SetPosTest()" classname="com.task3.ObjectTest" time="0.001"/>
  <testcase name="timeToSpawnTest()" classname="com.task3.ObjectTest" time="0.0"/>
  <testcase name="timeToRemoveTest()" classname="com.task3.ObjectTest" time="0.0"/>
  <system-out><![CDATA[]]></system-out>
  <system-err><![CDATA[]]></system-err>
</testsuite>
