<?xml version="1.0" encoding="UTF-8"?>
<testsuite name="com.task3.GameLoopTest" tests="3" skipped="0" failures="0" errors="0" timestamp="2023-10-03T05:01:54" hostname="MacBook-Air-som-tillhor-Jesper.local" time="0.06">
  <properties/>
  <testcase name="testStartGameR0P5()" classname="com.task3.GameLoopTest" time="0.053"/>
  <testcase name="testStartGameR0()" classname="com.task3.GameLoopTest" time="0.003"/>
  <testcase name="testStartGameR4()" classname="com.task3.GameLoopTest" time="0.002"/>
  <system-out><![CDATA[Current energy: 5
Current health: 10
]]>&#x1f916;<![CDATA[- - - - - - - - - 
- - - - - ]]>&#x1f353;<![CDATA[- - - - 
- - - - - - - - - - 
- - - - - - - - - - 
- - - - - - - - - - 
- - - - ]]>&#x1f35c;<![CDATA[- - - - - 
- - - - - - - - - - 
- - - - - - - - - - 
- - - - - - ]]>&#x1f43a;<![CDATA[- - - 
- - - - - - - - - ]]>&#x1f3db;<![CDATA[
********************

1) Move up
2) Move right
3) Move down
4) Move left
5) Rest (Gain 1 to 5 energy)
q) Quit
Your choice: The robot has now rested, gained 4 energy
Current energy: 5
Current health: 10
]]>&#x1f916;<![CDATA[- - - - - - - - - 
- - - - ]]>&#x1f35c;<![CDATA[]]>&#x1f353;<![CDATA[- - - - 
- - - - - - - - - - 
- - - - - - - - - - 
- - - - - - - - - - 
- - - - ]]>&#x1f43a;<![CDATA[- - - - - 
- - - - - - - - - - 
- - - - - - - - - - 
- - - - - - - - - - 
- - - - - - - - - ]]>&#x1f3db;<![CDATA[
********************

1) Move up
2) Move right
3) Move down
4) Move left
5) Rest (Gain 1 to 5 energy)
q) Quit
Your choice: Current energy: 5
Current health: 10
]]>&#x1f916;<![CDATA[- - - - - - - - - 
- - - - - - - - - - 
- - - - - - - - - - 
- - - - - - - - - - 
- - - - - - - - - - 
- - - - - ]]>&#x1f43a;<![CDATA[- - - - 
- - - - - - - - - - 
- - - - - - - - - - 
- - - - - - - - - - 
- - - - - - - - - ]]>&#x1f3db;<![CDATA[
********************

1) Move up
2) Move right
3) Move down
4) Move left
5) Rest (Gain 1 to 5 energy)
q) Quit
Your choice: Energy increased by 3
]]></system-out>
  <system-err><![CDATA[]]></system-err>
</testsuite>
