<?xml version="1.0" encoding="UTF-8"?>
<testsuite name="com.onlinefarmacy.TestCreateMenu" tests="6" skipped="0" failures="0" errors="0" timestamp="2023-10-17T13:41:19" hostname="MacBook-Air-som-tillhor-Jesper.local" time="0.67">
  <properties/>
  <testcase name="testCreateReceiptMenu1()" classname="com.onlinefarmacy.TestCreateMenu" time="0.656"/>
  <testcase name="testCreateReceiptMenu2()" classname="com.onlinefarmacy.TestCreateMenu" time="0.002"/>
  <testcase name="testCreateReceiptMenu3()" classname="com.onlinefarmacy.TestCreateMenu" time="0.005"/>
  <testcase name="testCreateReceiptMenu4()" classname="com.onlinefarmacy.TestCreateMenu" time="0.001"/>
  <testcase name="testCreateReceiptMenu5()" classname="com.onlinefarmacy.TestCreateMenu" time="0.002"/>
  <testcase name="testCreateReceiptMenuFalse()" classname="com.onlinefarmacy.TestCreateMenu" time="0.001"/>
  <system-out><![CDATA[Create a new receipt menu
Choose which drug:

1. Alvedon
2. Ipren
3. Desloratadine
4. Brikanyl
5. Morifin
Your choice: Creating a receipt for Alvedon
Choose amount(min 1, max 1000): Created a recipe for 1 Alvedon
Creating a receipt for Ipren
Choose amount(min 1, max 1000): Created a recipe for 2 Ipren
Creating a receipt for Desloratadine
Choose amount(min 1, max 1000): Created a recipe for 3 Desloratadine
Creating a receipt for Brikanyl
Choose amount(min 1, max 1000): Created a recipe for 4 Brikanyl
Creating a receipt for Morifin
Choose amount(min 1, max 1000): Created a recipe for 5 Morifin
Incorrect input: Creating a receipt for Morifin
Choose amount(min 1, max 1000): Created a recipe for 5 Morifin
]]></system-out>
  <system-err><![CDATA[]]></system-err>
</testsuite>
