<?xml version="1.0" encoding="UTF-8"?>
<testsuite name="com.onlinefarmacy.TestReceiptHandling" tests="2" skipped="0" failures="0" errors="0" timestamp="2023-10-17T13:41:20" hostname="MacBook-Air-som-tillhor-Jesper.local" time="0.0">
  <properties/>
  <testcase name="DrugNamesListTest()" classname="com.onlinefarmacy.TestReceiptHandling" time="0.0"/>
  <testcase name="DrugPriceListTest()" classname="com.onlinefarmacy.TestReceiptHandling" time="0.0"/>
  <system-out><![CDATA[]]></system-out>
  <system-err><![CDATA[]]></system-err>
</testsuite>
