<?xml version="1.0" encoding="UTF-8"?>
<testsuite name="com.onlinefarmacy.TestInitializeReceipts" tests="1" skipped="0" failures="0" errors="0" timestamp="2023-10-17T13:41:20" hostname="MacBook-Air-som-tillhor-Jesper.local" time="0.001">
  <properties/>
  <testcase name="InitializeTest()" classname="com.onlinefarmacy.TestInitializeReceipts" time="0.001"/>
  <system-out><![CDATA[]]></system-out>
  <system-err><![CDATA[]]></system-err>
</testsuite>
