<?xml version="1.0" encoding="UTF-8"?>
<testsuite name="org.example.AlbumGeneratorTest" tests="1" skipped="0" failures="0" errors="0" timestamp="2025-02-04T07:48:09" hostname="archlinux" time="0.0">
  <properties/>
  <testcase name="testAlbumGenerator()" classname="org.example.AlbumGeneratorTest" time="0.0"/>
  <system-out><![CDATA[]]></system-out>
  <system-err><![CDATA[]]></system-err>
</testsuite>
