<?xml version="1.0" encoding="UTF-8"?>
<testsuite name="org.example.ArrayAlgorithmsTest" tests="6" skipped="0" failures="0" errors="0" timestamp="2025-02-04T07:48:09" hostname="archlinux" time="0.003">
  <properties/>
  <testcase name="testShift()" classname="org.example.ArrayAlgorithmsTest" time="0.0"/>
  <testcase name="testAverage()" classname="org.example.ArrayAlgorithmsTest" time="0.0"/>
  <testcase name="testMinIndex()" classname="org.example.ArrayAlgorithmsTest" time="0.0"/>
  <testcase name="testMaxValue()" classname="org.example.ArrayAlgorithmsTest" time="0.0"/>
  <testcase name="testShuffle()" classname="org.example.ArrayAlgorithmsTest" time="0.0"/>
  <testcase name="testMaxValueNegatives()" classname="org.example.ArrayAlgorithmsTest" time="0.0"/>
  <system-out><![CDATA[]]></system-out>
  <system-err><![CDATA[]]></system-err>
</testsuite>
